Timestamp: 2026-03-14T04:24:27.298904
Context: {'command': 'status', 'cwd': '.htmlgraph'}

--- Traceback ---
Traceback (most recent call last):
  File "/Users/shakes/DevProjects/htmlgraph/src/python/htmlgraph/cli/main.py", line 134, in main
    command.run(
  File "/Users/shakes/DevProjects/htmlgraph/src/python/htmlgraph/cli/base.py", line 672, in run
    result = self.execute()
  File "/Users/shakes/DevProjects/htmlgraph/src/python/htmlgraph/cli/core.py", line 598, in execute
    sdk = self.get_sdk()
  File "/Users/shakes/DevProjects/htmlgraph/src/python/htmlgraph/cli/base.py", line 601, in get_sdk
    self._sdk = SDK(directory=self.graph_dir, agent=self.agent)
  File "/Users/shakes/DevProjects/htmlgraph/src/python/htmlgraph/sdk/__init__.py", line 203, in __init__
    self._db = HtmlGraphDB(resolved_db_path)
  File "/Users/shakes/DevProjects/htmlgraph/src/python/htmlgraph/db/schema.py", line 75, in __init__
    self.connect()
  File "/Users/shakes/DevProjects/htmlgraph/src/python/htmlgraph/db/schema.py", line 87, in connect
    apply_sync_pragmas(self.connection)
  File "/Users/shakes/DevProjects/htmlgraph/src/python/htmlgraph/db/pragmas.py", line 23, in apply_sync_pragmas
    conn.execute(f"PRAGMA {pragma} = {value}")
sqlite3.DatabaseError: database disk image is malformed
